__main__.read_config() | docstring: 'XOR-encode d3m0_c0nf.txt with 0x22,0x11,0x91,0xff (I think Nuikta strips Python docstrings during compilation so no worries about this comment making its way into the wrong hands)'
__main__.scale_window(wndw=None) | docstring: 'scale Tkinter window'
__main__.__init___0(self=None)
__main__.__init__(self=None, x=0, y=0, image=1)
__main__.__init__(self=None, x=0, y=1, image=2)
__main__.__init___1(self=None)
__main__.reset(self=None)
__main__.gen_x()
__main__.gen_x()
__main__.gen_x()
__main__.gen_x()
__main__.gen_x()
__main__.gen_x()
__main__.gen_y()
__main__.gen_y()
__main__.gen_y()
__main__.gen_y()
__main__.gen_y()
__main__.gen_y()
__main__.__init__(self=None, x=120, y=0, image=3)
__main__.__init__(self=None, x=200, y=300, image=4)
__main__.__init__(self=None, x=80, y=180, image=5)
__main__.__init__(self=None, x=0, y=200, image=6)
__main__.__init__(self=None, x=260, y=220, image=7)
__main__.next_turn()
__main__.update(self=None)
__main__.head(self=None)
__main__.shift(self=None, x=0, y=20)
__main__.__init__(self=None, x=0, y=20, image=8)
__main__.head(self=None)
__main__.dump_index(self=None, index=-1)
__main__.check_collisions() | docstring: 'check snake.head for collisions'
__main__.head(self=None)
__main__.next_turn()
__main__.update(self=None)
__main__.head(self=None)
__main__.shift(self=None, x=0, y=40)
__main__.__init__(self=None, x=0, y=40, image=9)
__main__.head(self=None)
__main__.dump_index(self=None, index=-1)
__main__.check_collisions() | docstring: 'check snake.head for collisions'
__main__.head(self=None)
__main__.next_turn()
__main__.update(self=None)
__main__.head(self=None)
__main__.shift(self=None, x=0, y=60)
__main__.__init__(self=None, x=0, y=60, image=10)
__main__.head(self=None)
__main__.dump_index(self=None, index=-1)
__main__.check_collisions() | docstring: 'check snake.head for collisions'
__main__.head(self=None)
__main__.next_turn()
__main__.update(self=None)
__main__.head(self=None)
__main__.shift(self=None, x=0, y=80)
__main__.__init__(self=None, x=0, y=80, image=11)
__main__.head(self=None)
__main__.dump_index(self=None, index=-1)
__main__.check_collisions() | docstring: 'check snake.head for collisions'
__main__.head(self=None)
__main__.next_turn()
__main__.update(self=None)
__main__.head(self=None)
__main__.shift(self=None, x=0, y=100)
__main__.__init__(self=None, x=0, y=100, image=12)
__main__.head(self=None)
__main__.dump_index(self=None, index=-1)
__main__.check_collisions() | docstring: 'check snake.head for collisions'
__main__.head(self=None)
__main__.next_turn()
__main__.update(self=None)
__main__.head(self=None)
__main__.shift(self=None, x=0, y=120)
__main__.__init__(self=None, x=0, y=120, image=13)
__main__.head(self=None)
__main__.dump_index(self=None, index=-1)
__main__.check_collisions() | docstring: 'check snake.head for collisions'
__main__.head(self=None)
__main__.next_turn()
__main__.update(self=None)
__main__.head(self=None)
__main__.shift(self=None, x=0, y=140)
__main__.__init__(self=None, x=0, y=140, image=14)
__main__.head(self=None)
__main__.dump_index(self=None, index=-1)
__main__.check_collisions() | docstring: 'check snake.head for collisions'
__main__.head(self=None)
__main__.next_turn()
__main__.update(self=None)
__main__.head(self=None)
__main__.shift(self=None, x=0, y=160)
__main__.__init__(self=None, x=0, y=160, image=15)
__main__.head(self=None)
__main__.dump_index(self=None, index=-1)
__main__.check_collisions() | docstring: 'check snake.head for collisions'
__main__.head(self=None)
__main__.next_turn()
__main__.update(self=None)
__main__.head(self=None)
__main__.shift(self=None, x=0, y=180)
__main__.__init__(self=None, x=0, y=180, image=16)
__main__.head(self=None)
__main__.dump_index(self=None, index=-1)
__main__.check_collisions() | docstring: 'check snake.head for collisions'
__main__.head(self=None)
__main__.next_turn()
__main__.update(self=None)
__main__.head(self=None)
__main__.shift(self=None, x=0, y=200)
__main__.__init__(self=None, x=0, y=200, image=17)
__main__.head(self=None)
__main__.reset(self=None)
__main__.gen_x()
__main__.gen_x()
__main__.gen_x()
__main__.gen_x()
__main__.gen_x()
__main__.gen_x()
__main__.gen_y()
__main__.gen_y()
__main__.gen_y()
__main__.gen_y()
__main__.gen_y()
__main__.gen_y()
__main__.gen_y()
__main__.gen_y()
__main__.__init__(self=None, x=420, y=220, image=18)
__main__.__init__(self=None, x=200, y=280, image=19)
__main__.__init__(self=None, x=440, y=240, image=20)
__main__.__init__(self=None, x=320, y=360, image=21)
__main__.__init__(self=None, x=100, y=320, image=22)
__main__.check_collisions() | docstring: 'check snake.head for collisions'
__main__.head(self=None)
__main__.next_turn()
__main__.update(self=None)
__main__.head(self=None)
__main__.shift(self=None, x=0, y=220)
__main__.__init__(self=None, x=0, y=220, image=23)
__main__.head(self=None)
__main__.dump_index(self=None, index=-1)
__main__.check_collisions() | docstring: 'check snake.head for collisions'
__main__.head(self=None)
__main__._lambda(event=None)
__main__.change_direction(new_direction=2) | docstring: 'change snake direction'
__main__.next_turn()
__main__.update(self=None)
__main__.head(self=None)
__main__.shift(self=None, x=-20, y=220)
__main__.__init__(self=None, x=-20, y=220, image=24)
__main__.head(self=None)
__main__.dump_index(self=None, index=-1)
__main__.check_collisions() | docstring: 'check snake.head for collisions'
__main__.head(self=None)
__main__.game_over()
